#
# A fatal error has been detected by the Java Runtime Environment:
#
#  EXCEPTION_ACCESS_VIOLATION (0xc0000005) at pc=0x00000000716e4b9b, pid=11492, tid=8904
#
# JRE version: Java(TM) SE Runtime Environment (7.0_80-b15) (build 1.7.0_80-b15)
# Java VM: Java HotSpot(TM) 64-Bit Server VM (24.80-b11 mixed mode windows-amd64 compressed oops)
# Problematic frame:
# V  [jvm.dll+0x144b9b]
#
# Failed to write core dump. Minidumps are not enabled by default on client versions of Windows
#
# If you would like to submit a bug report, please visit:
#   http://bugreport.java.com/bugreport/crash.jsp
#

---------------  T H R E A D  ---------------

Current thread (0x0000000011dac800):  JavaThread "JDWP Transport Listener: dt_socket" daemon [_thread_in_vm, id=8904, stack(0x0000000012370000,0x0000000012470000)]

siginfo: ExceptionCode=0xc0000005, reading address 0xffffffffffffffff

Registers:
RAX=0x000000001246f801, RBX=0x0000000011dac800, RCX=0x003b6e6f003b656c, RDX=0x0000000000000000
RSP=0x000000001246f820, RBP=0x003b6e6f003b656c, RSI=0x000000001246f938, RDI=0x0000000002589030
R8 =0x0000000011dac800, R9 =0x0000000000000000, R10=0x0000000000000000, R11=0x0000000000000064
R12=0x0000000000000000, R13=0x0000000002b65e08, R14=0x0000000000000000, R15=0x0000000000000000
RIP=0x00000000716e4b9b, EFLAGS=0x0000000000010206

Top of Stack: (sp=0x000000001246f820)
0x000000001246f820:   0000000011dac800 0000000000000002
0x000000001246f830:   000000001246f8e8 00000000718877d9
0x000000001246f840:   0000000011dac800 00000000718a5382
0x000000001246f850:   0000000000000000 00000000712e8e8d
0x000000001246f860:   0000000011e3bc30 00000000712f2666
0x000000001246f870:   0000000011dac800 0000000000000000
0x000000001246f880:   0000000000000000 0000000000000000
0x000000001246f890:   003b6e6f003b656c 00000000712f175d
0x000000001246f8a0:   000000001246f938 000000001246f910
0x000000001246f8b0:   0000000000000001 0000000011e3bc30
0x000000001246f8c0:   003b6e6f003b656c 00000000712d53b3
0x000000001246f8d0:   000000001246fa00 0000000000000001
0x000000001246f8e0:   0000000000000001 0000000011e3bc30
0x000000001246f8f0:   000000000000000a 0000000000000000
0x000000001246f900:   0000000000000000 0000000000000000
0x000000001246f910:   0000000000000001 00000000712d5571 

Instructions: (pc=0x00000000716e4b9b)
0x00000000716e4b7b:   48 8b 5c 24 30 48 89 47 18 48 83 c4 20 5f c3 cc
0x00000000716e4b8b:   cc cc cc cc cc 40 53 48 83 ec 20 48 85 c9 74 54
0x00000000716e4b9b:   48 8b 19 48 85 db 74 4c 48 b8 fe fe fe fe fe fe
0x00000000716e4bab:   fe fe 48 3b d8 74 3d 80 3d 57 56 61 00 00 74 15 


Register to memory mapping:

RAX=0x000000001246f801 is pointing into the stack for thread: 0x0000000011dac800
RBX=0x0000000011dac800 is a thread
RCX=0x003b6e6f003b656c is an unknown value
RDX=0x0000000000000000 is an unknown value
RSP=0x000000001246f820 is pointing into the stack for thread: 0x0000000011dac800
RBP=0x003b6e6f003b656c is an unknown value
RSI=0x000000001246f938 is pointing into the stack for thread: 0x0000000011dac800
RDI=0x0000000002589030 is an unknown value
R8 =0x0000000011dac800 is a thread
R9 =0x0000000000000000 is an unknown value
R10=0x0000000000000000 is an unknown value
R11=0x0000000000000064 is an unknown value
R12=0x0000000000000000 is an unknown value
R13=0x0000000002b65e08 is an unknown value
R14=0x0000000000000000 is an unknown value
R15=0x0000000000000000 is an unknown value


Stack: [0x0000000012370000,0x0000000012470000],  sp=0x000000001246f820,  free space=1022k
Native frames: (J=compiled Java code, j=interpreted, Vv=VM code, C=native code)
V  [jvm.dll+0x144b9b]


---------------  P R O C E S S  ---------------

Java Threads: ( => current thread )
  0x0000000011dc7800 JavaThread "Service Thread" daemon [_thread_blocked, id=652, stack(0x0000000012870000,0x0000000012970000)]
  0x0000000011dc5800 JavaThread "C2 CompilerThread1" daemon [_thread_blocked, id=3348, stack(0x0000000012770000,0x0000000012870000)]
  0x0000000011dc1800 JavaThread "C2 CompilerThread0" daemon [_thread_blocked, id=2344, stack(0x0000000012670000,0x0000000012770000)]
  0x0000000011db3000 JavaThread "JDWP Command Reader" daemon [_thread_in_native, id=9612, stack(0x0000000012570000,0x0000000012670000)]
  0x0000000011db2000 JavaThread "JDWP Event Helper Thread" daemon [_thread_blocked, id=1260, stack(0x0000000012470000,0x0000000012570000)]
=>0x0000000011dac800 JavaThread "JDWP Transport Listener: dt_socket" daemon [_thread_in_vm, id=8904, stack(0x0000000012370000,0x0000000012470000)]
  0x0000000002b68000 JavaThread "Attach Listener" daemon [_thread_blocked, id=11628, stack(0x0000000012270000,0x0000000012370000)]
  0x0000000011da2000 JavaThread "Signal Dispatcher" daemon [_thread_blocked, id=7492, stack(0x0000000012170000,0x0000000012270000)]
  0x000000000fd8e800 JavaThread "Finalizer" daemon [_thread_blocked, id=12480, stack(0x0000000011c70000,0x0000000011d70000)]
  0x000000000fd88000 JavaThread "Reference Handler" daemon [_thread_blocked, id=6904, stack(0x0000000011b70000,0x0000000011c70000)]
  0x000000000258d800 JavaThread "main" [_thread_blocked, id=5064, stack(0x0000000002970000,0x0000000002a70000)]

Other Threads:
  0x000000000fd84000 VMThread [stack: 0x0000000011a70000,0x0000000011b70000] [id=10888]
  0x0000000011ddd000 WatcherThread [stack: 0x0000000012970000,0x0000000012a70000] [id=5588]

VM state:not at safepoint (normal execution)

VM Mutex/Monitor currently owned by a thread: None

Heap
 PSYoungGen      total 76288K, used 3932K [0x00000007ab600000, 0x00000007b0b00000, 0x0000000800000000)
  eden space 65536K, 6% used [0x00000007ab600000,0x00000007ab9d71b0,0x00000007af600000)
  from space 10752K, 0% used [0x00000007b0080000,0x00000007b0080000,0x00000007b0b00000)
  to   space 10752K, 0% used [0x00000007af600000,0x00000007af600000,0x00000007b0080000)
 ParOldGen       total 173056K, used 0K [0x0000000702200000, 0x000000070cb00000, 0x00000007ab600000)
  object space 173056K, 0% used [0x0000000702200000,0x0000000702200000,0x000000070cb00000)
 PSPermGen       total 21504K, used 2738K [0x00000006fd000000, 0x00000006fe500000, 0x0000000702200000)
  object space 21504K, 12% used [0x00000006fd000000,0x00000006fd2ac910,0x00000006fe500000)

Card table byte_map: [0x0000000005c30000,0x0000000006450000] byte_map_base: 0x0000000002448000

Polling page: 0x0000000002560000

Code Cache  [0x0000000002b70000, 0x0000000002de0000, 0x0000000005b70000)
 total_blobs=162 nmethods=0 adapters=138 free_code_cache=48774Kb largest_free_block=49944512

Compilation events (0 events):
No events

GC Heap History (0 events):
No events

Deoptimization events (0 events):
No events

Internal exceptions (2 events):
Event: 0.024 Thread 0x000000000258d800 Threw 0x00000007ab60f678 at C:\re\jdk7u80\2329\hotspot\src\share\vm\prims\jni.cpp:3991
Event: 0.108 Thread 0x000000000258d800 Threw 0x00000007ab699fb8 at C:\re\jdk7u80\2329\hotspot\src\share\vm\prims\jvm.cpp:1319

Events (10 events):
Event: 5068.609 Executing VM operation: GetCurrentLocation
Event: 5068.609 Executing VM operation: GetCurrentLocation done
Event: 5068.609 Executing VM operation: EnterInterpOnlyMode
Event: 5068.609 Executing VM operation: EnterInterpOnlyMode done
Event: 5068.609 Executing VM operation: ChangeSingleStep
Event: 5068.609 Executing VM operation: ChangeSingleStep done
Event: 5068.610 Executing VM operation: ChangeSingleStep
Event: 5068.610 Executing VM operation: ChangeSingleStep done
Event: 5068.612 Executing VM operation: RedefineClasses
Event: 5068.612 Executing VM operation: RedefineClasses done


Dynamic libraries:
0x00007ff7934d0000 - 0x00007ff793503000 	E:\B_Util\2.Java\JDK1.7\bin\javaw.exe
0x00007ffedbff0000 - 0x00007ffedc1b2000 	C:\Windows\SYSTEM32\ntdll.dll
0x00007ffed9770000 - 0x00007ffed981d000 	C:\Windows\system32\KERNEL32.DLL
0x00007ffed9490000 - 0x00007ffed966d000 	C:\Windows\system32\KERNELBASE.dll
0x00007ffed7170000 - 0x00007ffed71e8000 	C:\Windows\system32\apphelp.dll
0x00007ffed9b70000 - 0x00007ffed9c16000 	C:\Windows\system32\ADVAPI32.dll
0x00007ffedb9d0000 - 0x00007ffedba6d000 	C:\Windows\system32\msvcrt.dll
0x00007ffedbb10000 - 0x00007ffedbb6b000 	C:\Windows\system32\sechost.dll
0x00007ffedb600000 - 0x00007ffedb726000 	C:\Windows\system32\RPCRT4.dll
0x00007ffed9c20000 - 0x00007ffed9d6e000 	C:\Windows\system32\USER32.dll
0x00007ffed9d70000 - 0x00007ffed9ef5000 	C:\Windows\system32\GDI32.dll
0x00007ffecf850000 - 0x00007ffecfac4000 	C:\Windows\WinSxS\amd64_microsoft.windows.common-controls_6595b64144ccf1df_6.0.10240.16384_none_f41f7b285750ef43\COMCTL32.dll
0x00007ffed9730000 - 0x00007ffed9766000 	C:\Windows\system32\IMM32.DLL
0x00007ffed9f60000 - 0x00007ffeda0bc000 	C:\Windows\system32\MSCTF.dll
0x0000000071310000 - 0x00000000713e2000 	E:\B_Util\2.Java\JDK1.7\jre\bin\msvcr100.dll
0x00000000715a0000 - 0x0000000071d79000 	E:\B_Util\2.Java\JDK1.7\jre\bin\server\jvm.dll
0x00007ffedb9c0000 - 0x00007ffedb9c8000 	C:\Windows\system32\PSAPI.DLL
0x00007ffecac70000 - 0x00007ffecac79000 	C:\Windows\SYSTEM32\WSOCK32.dll
0x00007ffeceb50000 - 0x00007ffeceb73000 	C:\Windows\SYSTEM32\WINMM.dll
0x00007ffedba70000 - 0x00007ffedbad9000 	C:\Windows\system32\WS2_32.dll
0x00007ffeda0c0000 - 0x00007ffeda0c8000 	C:\Windows\system32\NSI.dll
0x00007ffecacc0000 - 0x00007ffecacec000 	C:\Windows\SYSTEM32\WINMMBASE.dll
0x00007ffed9670000 - 0x00007ffed96b4000 	C:\Windows\system32\cfgmgr32.dll
0x00007ffed7390000 - 0x00007ffed73b7000 	C:\Windows\SYSTEM32\DEVOBJ.dll
0x00000000714b0000 - 0x00000000714bf000 	E:\B_Util\2.Java\JDK1.7\jre\bin\verify.dll
0x0000000071480000 - 0x00000000714a8000 	E:\B_Util\2.Java\JDK1.7\jre\bin\java.dll
0x00000000712d0000 - 0x0000000071305000 	E:\B_Util\2.Java\JDK1.7\jre\bin\jdwp.dll
0x00000000712c0000 - 0x00000000712c8000 	E:\B_Util\2.Java\JDK1.7\jre\bin\npt.dll
0x0000000071460000 - 0x0000000071476000 	E:\B_Util\2.Java\JDK1.7\jre\bin\zip.dll
0x00000000712b0000 - 0x00000000712b9000 	E:\B_Util\2.Java\JDK1.7\jre\bin\dt_socket.dll
0x00007ffed27a0000 - 0x00007ffed27b5000 	C:\Windows\system32\napinsp.dll
0x00007ffed2780000 - 0x00007ffed279a000 	C:\Windows\system32\pnrpnsp.dll
0x00007ffed6740000 - 0x00007ffed6758000 	C:\Windows\system32\NLAapi.dll
0x00007ffed8290000 - 0x00007ffed82ed000 	C:\Windows\System32\mswsock.dll
0x00007ffed7fd0000 - 0x00007ffed8078000 	C:\Windows\SYSTEM32\DNSAPI.dll
0x00007ffed27c0000 - 0x00007ffed27cd000 	C:\Windows\System32\winrnr.dll
0x00007ffed50a0000 - 0x00007ffed5108000 	C:\Windows\System32\fwpuclnt.dll
0x00007ffed8950000 - 0x00007ffed8978000 	C:\Windows\SYSTEM32\bcrypt.dll
0x00007ffed3c10000 - 0x00007ffed3c1a000 	C:\Windows\System32\rasadhlp.dll
0x00007ffec1da0000 - 0x00007ffec1f2a000 	C:\Windows\SYSTEM32\dbghelp.dll

VM Arguments:
jvm_args: -agentlib:jdwp=transport=dt_socket,suspend=y,address=localhost:57980 -Dfile.encoding=UTF-8 
java_command: z_exam.exam4_2
Launcher Type: SUN_STANDARD

Environment Variables:
JAVA_HOME=E:\B_Util\2.Java\JDK1.7
PATH=E:\B_Util\2.Java\JDK1.7\jre\bin;E:/B_Util/2.Java/JDK1.7/bin/../jre/bin/server;E:/B_Util/2.Java/JDK1.7/bin/../jre/bin;E:/B_Util/2.Java/JDK1.7/bin/../jre/lib/amd64;E:\B_Util\4.Oracle\appclient;E:\B_Util\4.Oracle\app\oracle\product\11.2.0\server\bin;;C:\Windows\system32;C:\Windows;C:\Windows\System32\Wbem;C:\Windows\System32\WindowsPowerShell\v1.0\;C:\Program Files (x86)\Intel\Intel(R) Management Engine Components\DAL;C:\Program Files\Intel\Intel(R) Management Engine Components\DAL;C:\Program Files\Git\cmd;E:\B_Util\2.Java\JDK1.7\bin;C:\Program Files\Bandizip\;E:\B_Util\3.Eclipse\eclipse;
USERNAME=PC-03
OS=Windows_NT
PROCESSOR_IDENTIFIER=Intel64 Family 6 Model 158 Stepping 13, GenuineIntel



---------------  S Y S T E M  ---------------

OS: Windows 8.1 , 64 bit Build 9600 

CPU:total 8 (8 cores per cpu, 1 threads per core) family 6 model 158 stepping 13, cmov, cx8, fxsr, mmx, sse, sse2, sse3, ssse3, sse4.1, sse4.2, popcnt, avx, avx2, aes, erms, tsc, tscinvbit

Memory: 4k page, physical 16634996k(12600276k free), swap 21353588k(9415168k free)

vm_info: Java HotSpot(TM) 64-Bit Server VM (24.80-b11) for windows-amd64 JRE (1.7.0_80-b15), built on Apr 10 2015 11:26:34 by "java_re" with unknown MS VC++:1600

time: Fri Nov 29 17:01:18 2019
elapsed time: 5068 seconds

